<test-run id="2" testcasecount="0" result="Passed" start-time="2025-07-20 08:47:24.580949" end-time="2025-07-20 08:47:24.808596" duration="0" total="0" passed="0" failed="0" inconclusive="0" skipped="0" asserts="0" clr-version="3.11.11 (main, Dec  4 2024, 08:55:07) [GCC 11.4.0]" engine-version="3.6.2"><command-line>/home/netanelm/.local/lib/python3.11/site-packages/pytest/__main__.py tests/</command-line><filter><test re="0">tests/</test></filter></test-run>